This is pdfTeX, Version 3.141592653-2.6-1.40.25 (MiKTeX 23.9.24) (preloaded format=pdflatex 2023.9.27)  29 OCT 2023 17:43
entering extended mode
 restricted \write18 enabled.
 file:line:error style messages enabled.
 %&-line parsing enabled.
**"c:/Users/bnouri/OneDrive - Cadence Design Systems Inc/XX-OneDrv/11_myTexDoc/errorDef.prj/errDef-(v2-231029)/main.tex"
(c:/Users/bnouri/OneDrive - Cadence Design Systems Inc/XX-OneDrv/11_myTexDoc/errorDef.prj/errDef-(v2-231029)/main.tex
LaTeX2e <2023-06-01> patch level 1
L3 programming layer <2023-08-29>
(C:\Users\bnouri\AppData\Roaming\MiKTeX\tex/latex/nag\nag.sty
Package: nag 2011/11/25 0.7 warning about old commands (ulmi)
\c@nag@c=\count185
\c@nag@sins=\count186
Package nag Info: Loaded nag-l2tabu.cfg  on input line 552.
 (C:\Users\bnouri\AppData\Roaming\MiKTeX\tex/latex/nag\nag-l2tabu.cfg
File: nag-l2tabu.cfg 2010/05/17 v2.11 l2tabu rules for nag.sty (ulmi)
)
Package nag Info: Loaded nag-orthodox.cfg  on input line 552.
 (C:\Users\bnouri\AppData\Roaming\MiKTeX\tex/latex/nag\nag-orthodox.cfg
File: nag-orthodox.cfg 2006/04/19 v1.8 strict rules for nag.sty (ulmi)
)) (C:\LaTeX\MiKTeX\tex/latex/base\article.cls
Document Class: article 2023/05/17 v1.4n Standard LaTeX document class
(C:\LaTeX\MiKTeX\tex/latex/base\size10.clo
File: size10.clo 2023/05/17 v1.4n Standard LaTeX file (size option)
)
\c@part=\count187
\c@section=\count188
\c@subsection=\count189
\c@subsubsection=\count190
\c@paragraph=\count191
\c@subparagraph=\count192
\c@figure=\count193
\c@table=\count194
\abovecaptionskip=\skip48
\belowcaptionskip=\skip49
\bibindent=\dimen140
) (_sty/art.sty
Package: _sty/art 2022/12/30 1230

-- Package: "_sty/art", (Sty file, incl: main controls/preambles) 1230 <2022/12/30> --
(C:\LaTeX\MiKTeX\tex/latex/currfile\currfile.sty
Package: currfile 2020/09/29 v0.7d Provides the file path elements of the current input file
 (C:\Users\bnouri\AppData\Roaming\MiKTeX\tex/latex/kvoptions\kvoptions.sty
Package: kvoptions 2022-06-15 v3.15 Key value format for package options (HO)
 (C:\LaTeX\MiKTeX\tex/latex/graphics\keyval.sty
Package: keyval 2022/05/29 v1.15 key=value parser (DPC)
\KV@toks@=\toks17
) (C:\Users\bnouri\AppData\Roaming\MiKTeX\tex/generic/ltxcmds\ltxcmds.sty
Package: ltxcmds 2020-05-10 v1.25 LaTeX kernel commands for general use (HO)
) (C:\Users\bnouri\AppData\Roaming\MiKTeX\tex/latex/kvsetkeys\kvsetkeys.sty
Package: kvsetkeys 2022-10-05 v1.19 Key value parser (HO)
)) (C:\Users\bnouri\AppData\Roaming\MiKTeX\tex/latex/filehook\filehook.sty
Package: filehook 2022/10/25 v0.8b Hooks for input files
 (C:\Users\bnouri\AppData\Roaming\MiKTeX\tex/latex/filehook\filehook-2020.sty
Package: filehook-2020 2022/10/25 v0.8b Hooks for input files
))
\c@currfiledepth=\count195
) (C:\Users\bnouri\AppData\Roaming\MiKTeX\tex/latex/tocloft\tocloft.sty
Package: tocloft 2017/08/31 v2.3i parameterised ToC, etc., typesetting
Package tocloft Info: The document has section divisions on input line 51.
\cftparskip=\skip50
\cftbeforetoctitleskip=\skip51
\cftaftertoctitleskip=\skip52
\cftbeforepartskip=\skip53
\cftpartnumwidth=\skip54
\cftpartindent=\skip55
\cftbeforesecskip=\skip56
\cftsecindent=\skip57
\cftsecnumwidth=\skip58
\cftbeforesubsecskip=\skip59
\cftsubsecindent=\skip60
\cftsubsecnumwidth=\skip61
\cftbeforesubsubsecskip=\skip62
\cftsubsubsecindent=\skip63
\cftsubsubsecnumwidth=\skip64
\cftbeforeparaskip=\skip65
\cftparaindent=\skip66
\cftparanumwidth=\skip67
\cftbeforesubparaskip=\skip68
\cftsubparaindent=\skip69
\cftsubparanumwidth=\skip70
\cftbeforeloftitleskip=\skip71
\cftafterloftitleskip=\skip72
\cftbeforefigskip=\skip73
\cftfigindent=\skip74
\cftfignumwidth=\skip75
\c@lofdepth=\count196
\c@lotdepth=\count197
\cftbeforelottitleskip=\skip76
\cftafterlottitleskip=\skip77
\cftbeforetabskip=\skip78
\cfttabindent=\skip79
\cfttabnumwidth=\skip80
) (C:\Users\bnouri\AppData\Roaming\MiKTeX\tex/latex/etex-pkg\etex.sty
Package: etex 2016/08/01 v2.7 eTeX basic definition package (PEB,DPC)
\et@xins=\count198
) (C:\Users\bnouri\AppData\Roaming\MiKTeX\tex/latex/ieeetrantools\IEEEtrantools.sty
Package: IEEEtrantools 2015/08/26 V1.5 by Michael Shell

-- See the "IEEEtrantools_doc.txt" manual for usage information.
-- http://www.michaelshell.org/tex/ieeetran/tools/
\@IEEEtrantmpdimenA=\dimen141
\@IEEEtrantmpdimenB=\dimen142
\@IEEEtrantmpdimenC=\dimen143
\@IEEEtrantmpcountA=\count199
Normal \count register pool exhausted, switching to extended pool.
\@IEEEtrantmpcountB=\count277
\@IEEEtrantmpcountC=\count278
\@IEEEtrantmptoksA=\toks18
\IEEEnormaljot=\dimen144
\IEEEquantizedlength=\dimen145
\IEEEquantizedlengthdiff=\dimen146
\IEEEquantizedtextheightdiff=\dimen147
\IEEEilabelindentA=\dimen148
\IEEEilabelindentB=\dimen149
\IEEEilabelindent=\dimen150
\IEEEelabelindent=\dimen151
\IEEEdlabelindent=\dimen152
\IEEElabelindent=\dimen153
\IEEEiednormlabelsep=\dimen154
\IEEEiedmathlabelsep=\dimen155
\IEEEiedtopsep=\skip81
\c@IEEEsubequation=\count279
\@IEEEeqnnumcols=\count280
\@IEEEeqncolcnt=\count281
\@IEEEsubeqnnumrollback=\count282
\IEEEPARstartletwidth=\dimen156
) (C:\Users\bnouri\AppData\Roaming\MiKTeX\tex/latex/geometry\geometry.sty
Package: geometry 2020/01/02 v5.9 Page Geometry
 (C:\LaTeX\MiKTeX\tex/generic/iftex\ifvtex.sty
Package: ifvtex 2019/10/25 v1.7 ifvtex legacy package. Use iftex instead.
 (C:\LaTeX\MiKTeX\tex/generic/iftex\iftex.sty
Package: iftex 2022/02/03 v1.0f TeX engine tests
))
\Gm@cnth=\count283
\Gm@cntv=\count284
\c@Gm@tempcnt=\count285
\Gm@bindingoffset=\dimen157
\Gm@wd@mp=\dimen158
\Gm@odd@mp=\dimen159
\Gm@even@mp=\dimen160
\Gm@layoutwidth=\dimen161
\Gm@layoutheight=\dimen162
\Gm@layouthoffset=\dimen163
\Gm@layoutvoffset=\dimen164
\Gm@dimlist=\toks19
 (C:\Users\bnouri\AppData\Roaming\MiKTeX\tex/latex/geometry\geometry.cfg)) (C:\Users\bnouri\AppData\Roaming\MiKTeX\tex/latex/setspace\setspace.sty
Package: setspace 2022/12/04 v6.7b set line spacing
) (C:\Users\bnouri\AppData\Roaming\MiKTeX\tex/latex/cite\cite.sty
LaTeX Info: Redefining \cite on input line 302.
LaTeX Info: Redefining \nocite on input line 332.
Package: cite 2015/02/27  v 5.5
) (C:\LaTeX\MiKTeX\tex/generic/iftex\ifpdf.sty
Package: ifpdf 2019/10/25 v3.4 ifpdf legacy package. Use iftex instead.
) (C:\LaTeX\MiKTeX\tex/latex/graphics\graphicx.sty
Package: graphicx 2021/09/16 v1.2d Enhanced LaTeX Graphics (DPC,SPQR)
 (C:\LaTeX\MiKTeX\tex/latex/graphics\graphics.sty
Package: graphics 2022/03/10 v1.4e Standard LaTeX Graphics (DPC,SPQR)
 (C:\LaTeX\MiKTeX\tex/latex/graphics\trig.sty
Package: trig 2021/08/11 v1.11 sin cos tan (DPC)
) (C:\LaTeX\MiKTeX\tex/latex/graphics-cfg\graphics.cfg
File: graphics.cfg 2016/06/04 v1.11 sample graphics configuration
)
Package graphics Info: Driver file: pdftex.def on input line 107.
 (C:\LaTeX\MiKTeX\tex/latex/graphics-def\pdftex.def
File: pdftex.def 2022/09/22 v1.2b Graphics/color driver for pdftex
))
\Gin@req@height=\dimen165
\Gin@req@width=\dimen166
) (C:\LaTeX\MiKTeX\tex/latex/epstopdf-pkg\epstopdf.sty
Package: epstopdf 2020-01-24 v2.11 Conversion with epstopdf on the fly (HO)
 (C:\Users\bnouri\AppData\Roaming\MiKTeX\tex/generic/infwarerr\infwarerr.sty
Package: infwarerr 2019/12/03 v1.5 Providing info/warning/error messages (HO)
) (C:\Users\bnouri\AppData\Roaming\MiKTeX\tex/latex/grfext\grfext.sty
Package: grfext 2019/12/03 v1.3 Manage graphics extensions (HO)
 (C:\Users\bnouri\AppData\Roaming\MiKTeX\tex/generic/kvdefinekeys\kvdefinekeys.sty
Package: kvdefinekeys 2019-12-19 v1.6 Define keys (HO)
)) (C:\LaTeX\MiKTeX\tex/generic/pdftexcmds\pdftexcmds.sty
Package: pdftexcmds 2020-06-27 v0.33 Utility functions of pdfTeX for LuaTeX (HO)
Package pdftexcmds Info: \pdf@primitive is available.
Package pdftexcmds Info: \pdf@ifprimitive is available.
Package pdftexcmds Info: \pdfdraftmode found.
) (C:\LaTeX\MiKTeX\tex/latex/epstopdf-pkg\epstopdf-base.sty
Package: epstopdf-base 2020-01-24 v2.11 Base part for package epstopdf
Package epstopdf-base Info: Redefining graphics rule for `.eps' on input line 485.
Package grfext Info: Graphics extension search list:
(grfext)             [.pdf,.png,.jpg,.mps,.jpeg,.jbig2,.jb2,.PDF,.PNG,.JPG,.JPEG,.JBIG2,.JB2,.eps]
(grfext)             \AppendGraphicsExtensions on input line 504.
 (C:\LaTeX\MiKTeX\tex/latex/00miktex\epstopdf-sys.cfg
File: epstopdf-sys.cfg 2021/03/18 v2.0 Configuration of epstopdf for MiKTeX
))) (C:\Users\bnouri\AppData\Roaming\MiKTeX\tex/latex/float\float.sty
Package: float 2001/11/08 v1.3d Float enhancements (AL)
\c@float@type=\count286
\float@exts=\toks20
\float@box=\box51
\@float@everytoks=\toks21
\@floatcapt=\box52
) (C:\LaTeX\MiKTeX\tex/latex/graphics\rotating.sty
Package: rotating 2016/08/11 v2.16d rotated objects in LaTeX
 (C:\LaTeX\MiKTeX\tex/latex/base\ifthen.sty
Package: ifthen 2022/04/13 v1.1d Standard LaTeX ifthen package (DPC)
)
\c@r@tfl@t=\count287
\rotFPtop=\skip82
\rotFPbot=\skip83
\rot@float@box=\box53
\rot@mess@toks=\toks22
) (C:\Users\bnouri\AppData\Roaming\MiKTeX\tex/latex/caption\caption.sty
Package: caption 2023/07/31 v3.6n Customizing captions (AR)
 (C:\Users\bnouri\AppData\Roaming\MiKTeX\tex/latex/caption\caption3.sty
Package: caption3 2023/07/31 v2.4d caption3 kernel (AR)
\caption@tempdima=\dimen167
\captionmargin=\dimen168
\caption@leftmargin=\dimen169
\caption@rightmargin=\dimen170
\caption@width=\dimen171
\caption@indent=\dimen172
\caption@parindent=\dimen173
\caption@hangindent=\dimen174
Package caption Info: Standard document class detected.
)
\c@caption@flags=\count288
\c@continuedfloat=\count289
Package caption Info: float package is loaded.
Package caption Info: rotating package is loaded.
) (C:\Users\bnouri\AppData\Roaming\MiKTeX\tex/latex/subfig\subfig.sty
Package: subfig 2005/06/28 ver: 1.3 subfig package
\c@KVtest=\count290
\sf@farskip=\skip84
\sf@captopadj=\dimen175
\sf@capskip=\skip85
\sf@nearskip=\skip86
\c@subfigure=\count291
\c@subfigure@save=\count292
\c@subtable=\count293
\c@subtable@save=\count294
\sf@top=\skip87
\sf@bottom=\skip88
) (C:\LaTeX\MiKTeX\tex/latex/tools\tabularx.sty
Package: tabularx 2020/01/15 v2.11c `tabularx' package (DPC)
 (C:\LaTeX\MiKTeX\tex/latex/tools\array.sty
Package: array 2022/09/04 v2.5g Tabular extension package (FMi)
\col@sep=\dimen176
\ar@mcellbox=\box54
\extrarowheight=\dimen177
\NC@list=\toks23
\extratabsurround=\skip89
\backup@length=\skip90
\ar@cellbox=\box55
)
\TX@col@width=\dimen178
\TX@old@table=\dimen179
\TX@old@col=\dimen180
\TX@target=\dimen181
\TX@delta=\dimen182
\TX@cols=\count295
\TX@ftn=\toks24
) (C:\Users\bnouri\AppData\Roaming\MiKTeX\tex/latex/booktabs\booktabs.sty
Package: booktabs 2020/01/12 v1.61803398 Publication quality tables
\heavyrulewidth=\dimen183
\lightrulewidth=\dimen184
\cmidrulewidth=\dimen185
\belowrulesep=\dimen186
\belowbottomsep=\dimen187
\aboverulesep=\dimen188
\abovetopsep=\dimen189
\cmidrulesep=\dimen190
\cmidrulekern=\dimen191
\defaultaddspace=\dimen192
\@cmidla=\count296
\@cmidlb=\count297
\@aboverulesep=\dimen193
\@belowrulesep=\dimen194
\@thisruleclass=\count298
\@lastruleclass=\count299
\@thisrulewidth=\dimen195
) (C:\LaTeX\MiKTeX\tex/latex/tools\longtable.sty
Package: longtable 2021-09-01 v4.17 Multi-page Table package (DPC)
\LTleft=\skip91
\LTright=\skip92
\LTpre=\skip93
\LTpost=\skip94
\LTchunksize=\count300
\LTcapwidth=\dimen196
\LT@head=\box56
\LT@firsthead=\box57
\LT@foot=\box58
\LT@lastfoot=\box59
\LT@gbox=\box60
\LT@cols=\count301
\LT@rows=\count302
\c@LT@tables=\count303
\c@LT@chunks=\count304
\LT@p@ftn=\toks25
) (C:\Users\bnouri\AppData\Roaming\MiKTeX\tex/latex/mdwtools\mdwtab.sty
Package: mdwtab 1998/04/28 1.9 Table typesetting with style
\tab@state=\count305
\tab@columns=\count306
\tab@preamble=\toks26
\tab@shortline=\toks27
\extrarowheight=\dimen197
\tabextrasep=\dimen198
\arrayextrasep=\dimen199
Normal \dimen register pool exhausted, switching to extended pool.
\smarraycolsep=\dimen256
\smarrayextrasep=\dimen257
\tab@width=\dimen258
\col@sep=\dimen259
\tab@endheight=\dimen260
\tab@leftskip=\skip95
\tab@rightskip=\skip96
\fn@notes=\box61
\fn@width=\dimen261
) (C:\Users\bnouri\AppData\Roaming\MiKTeX\tex/latex/multirow\multirow.sty
Package: multirow 2021/03/15 v2.8 Span multiple rows of a table
\multirow@colwidth=\skip97
\multirow@cntb=\count307
\multirow@dima=\skip98
\bigstrutjot=\dimen262
) (C:\LaTeX\MiKTeX\tex/latex/amsmath\amsmath.sty
Package: amsmath 2023/05/13 v2.17o AMS math features
\@mathmargin=\skip99

For additional information on amsmath, use the `?' option.
(C:\LaTeX\MiKTeX\tex/latex/amsmath\amstext.sty
Package: amstext 2021/08/26 v2.01 AMS text
 (C:\LaTeX\MiKTeX\tex/latex/amsmath\amsgen.sty
File: amsgen.sty 1999/11/30 v2.0 generic functions
\@emptytoks=\toks28
\ex@=\dimen263
)) (C:\LaTeX\MiKTeX\tex/latex/amsmath\amsbsy.sty
Package: amsbsy 1999/11/29 v1.2d Bold Symbols
\pmbraise@=\dimen264
) (C:\LaTeX\MiKTeX\tex/latex/amsmath\amsopn.sty
Package: amsopn 2022/04/08 v2.04 operator names
)
\inf@bad=\count308
LaTeX Info: Redefining \frac on input line 234.
\uproot@=\count309
\leftroot@=\count310
LaTeX Info: Redefining \overline on input line 399.
LaTeX Info: Redefining \colon on input line 410.
\classnum@=\count311
\DOTSCASE@=\count312
LaTeX Info: Redefining \ldots on input line 496.
LaTeX Info: Redefining \dots on input line 499.
LaTeX Info: Redefining \cdots on input line 620.
\Mathstrutbox@=\box62
\strutbox@=\box63
LaTeX Info: Redefining \big on input line 722.
LaTeX Info: Redefining \Big on input line 723.
LaTeX Info: Redefining \bigg on input line 724.
LaTeX Info: Redefining \Bigg on input line 725.
\big@size=\dimen265
LaTeX Font Info:    Redeclaring font encoding OML on input line 743.
LaTeX Font Info:    Redeclaring font encoding OMS on input line 744.
\macc@depth=\count313
LaTeX Info: Redefining \bmod on input line 905.
LaTeX Info: Redefining \pmod on input line 910.
LaTeX Info: Redefining \smash on input line 940.
LaTeX Info: Redefining \relbar on input line 970.
LaTeX Info: Redefining \Relbar on input line 971.
\c@MaxMatrixCols=\count314
\dotsspace@=\muskip16
\c@parentequation=\count315
\dspbrk@lvl=\count316
\tag@help=\toks29
\row@=\count317
\column@=\count318
\maxfields@=\count319
\andhelp@=\toks30
\eqnshift@=\dimen266
\alignsep@=\dimen267
\tagshift@=\dimen268
\tagwidth@=\dimen269
\totwidth@=\dimen270
\lineht@=\dimen271
\@envbody=\toks31
\multlinegap=\skip100
\multlinetaggap=\skip101
\mathdisplay@stack=\toks32
LaTeX Info: Redefining \[ on input line 2953.
LaTeX Info: Redefining \] on input line 2954.
) (C:\LaTeX\MiKTeX\tex/latex/amsfonts\amssymb.sty
Package: amssymb 2013/01/14 v3.01 AMS font symbols
 (C:\LaTeX\MiKTeX\tex/latex/amsfonts\amsfonts.sty
Package: amsfonts 2013/01/14 v3.01 Basic AMSFonts support
\symAMSa=\mathgroup4
\symAMSb=\mathgroup5
LaTeX Font Info:    Redeclaring math symbol \hbar on input line 98.
LaTeX Font Info:    Overwriting math alphabet `\mathfrak' in version `bold'
(Font)                  U/euf/m/n --> U/euf/b/n on input line 106.
)) (C:\Users\bnouri\AppData\Roaming\MiKTeX\tex/latex/mathtools\mathtools.sty
Package: mathtools 2022/06/29 v1.29 mathematical typesetting tools
 (C:\LaTeX\MiKTeX\tex/latex/tools\calc.sty
Package: calc 2017/05/25 v4.3 Infix arithmetic (KKT,FJ)
\calc@Acount=\count320
\calc@Bcount=\count321
\calc@Adimen=\dimen272
\calc@Bdimen=\dimen273
\calc@Askip=\skip102
\calc@Bskip=\skip103
LaTeX Info: Redefining \setlength on input line 80.
LaTeX Info: Redefining \addtolength on input line 81.
\calc@Ccount=\count322
\calc@Cskip=\skip104
) (C:\Users\bnouri\AppData\Roaming\MiKTeX\tex/latex/mathtools\mhsetup.sty
Package: mhsetup 2021/03/18 v1.4 programming setup (MH)
)
\g_MT_multlinerow_int=\count323
\l_MT_multwidth_dim=\dimen274
\origjot=\skip105
\l_MT_shortvdotswithinadjustabove_dim=\dimen275
\l_MT_shortvdotswithinadjustbelow_dim=\dimen276
\l_MT_above_intertext_sep=\dimen277
\l_MT_below_intertext_sep=\dimen278
\l_MT_above_shortintertext_sep=\dimen279
\l_MT_below_shortintertext_sep=\dimen280
\xmathstrut@box=\box64
\xmathstrut@dim=\dimen281
) (C:\Users\bnouri\AppData\Roaming\MiKTeX\tex/latex/amscls\amsthm.sty
Package: amsthm 2020/05/29 v2.20.6
\thm@style=\toks33
\thm@bodyfont=\toks34
\thm@headfont=\toks35
\thm@notefont=\toks36
\thm@headpunct=\toks37
\thm@preskip=\skip106
\thm@postskip=\skip107
\thm@headsep=\skip108
\dth@everypar=\toks38
) (C:\Users\bnouri\AppData\Roaming\MiKTeX\tex/latex/cases\cases.sty
Package: cases 2020/03/29 ver 3.2
\numc@numwid=\dimen282
) (C:\Users\bnouri\AppData\Roaming\MiKTeX\tex/latex/accents\accents.sty
Package: accents 2006/05/12 v1.4 Math Accent Tools
\cc@skew=\dimen283
\cc@wd=\dimen284
\cc@code=\count324
\cc@group=\count325
\cc@skewchar=\count326
)
\c@theorem=\count327
\c@lemma=\count328
\c@corollary=\count329
\c@definition=\count330
\c@example=\count331
\c@remark=\count332
 (C:\LaTeX\MiKTeX\tex/latex/xcolor\xcolor.sty
Package: xcolor 2022/06/12 v2.14 LaTeX color extensions (UK)
 (C:\LaTeX\MiKTeX\tex/latex/graphics-cfg\color.cfg
File: color.cfg 2016/01/02 v1.6 sample color configuration
)
Package xcolor Info: Driver file: pdftex.def on input line 227.
 (C:\LaTeX\MiKTeX\tex/latex/graphics\mathcolor.ltx)
Package xcolor Info: Model `cmy' substituted by `cmy0' on input line 1353.
Package xcolor Info: Model `hsb' substituted by `rgb' on input line 1357.
Package xcolor Info: Model `RGB' extended on input line 1369.
Package xcolor Info: Model `HTML' substituted by `rgb' on input line 1371.
Package xcolor Info: Model `Hsb' substituted by `hsb' on input line 1372.
Package xcolor Info: Model `tHsb' substituted by `hsb' on input line 1373.
Package xcolor Info: Model `HSB' substituted by `hsb' on input line 1374.
Package xcolor Info: Model `Gray' substituted by `gray' on input line 1375.
Package xcolor Info: Model `wave' substituted by `hsb' on input line 1376.
) (C:\LaTeX\MiKTeX\tex/latex/hyperref\hyperref.sty
Package: hyperref 2023-07-08 v7.01b Hypertext links for LaTeX
 (C:\Users\bnouri\AppData\Roaming\MiKTeX\tex/generic/pdfescape\pdfescape.sty
Package: pdfescape 2019/12/09 v1.15 Implements pdfTeX's escape features (HO)
) (C:\Users\bnouri\AppData\Roaming\MiKTeX\tex/latex/hycolor\hycolor.sty
Package: hycolor 2020-01-27 v1.10 Color options for hyperref/bookmark (HO)
) (C:\Users\bnouri\AppData\Roaming\MiKTeX\tex/latex/letltxmacro\letltxmacro.sty
Package: letltxmacro 2019/12/03 v1.6 Let assignment for LaTeX macros (HO)
) (C:\Users\bnouri\AppData\Roaming\MiKTeX\tex/latex/auxhook\auxhook.sty
Package: auxhook 2019-12-17 v1.6 Hooks for auxiliary files (HO)
) (C:\LaTeX\MiKTeX\tex/latex/hyperref\nameref.sty
Package: nameref 2023-08-07 v2.53 Cross-referencing by name of section
 (C:\Users\bnouri\AppData\Roaming\MiKTeX\tex/latex/refcount\refcount.sty
Package: refcount 2019/12/15 v3.6 Data extraction from label references (HO)
) (C:\Users\bnouri\AppData\Roaming\MiKTeX\tex/generic/gettitlestring\gettitlestring.sty
Package: gettitlestring 2019/12/15 v1.6 Cleanup title references (HO)
)
\c@section@level=\count333
) (C:\LaTeX\MiKTeX\tex/latex/etoolbox\etoolbox.sty
Package: etoolbox 2020/10/05 v2.5k e-TeX tools for LaTeX (JAW)
\etb@tempcnta=\count334
)
\@linkdim=\dimen285
\Hy@linkcounter=\count335
\Hy@pagecounter=\count336
 (C:\LaTeX\MiKTeX\tex/latex/hyperref\pd1enc.def
File: pd1enc.def 2023-07-08 v7.01b Hyperref: PDFDocEncoding definition (HO)
Now handling font encoding PD1 ...
... no UTF-8 mapping file for font encoding PD1
) (C:\Users\bnouri\AppData\Roaming\MiKTeX\tex/generic/intcalc\intcalc.sty
Package: intcalc 2019/12/15 v1.3 Expandable calculations with integers (HO)
)
\Hy@SavedSpaceFactor=\count337
 (C:\LaTeX\MiKTeX\tex/latex/hyperref\puenc.def
File: puenc.def 2023-07-08 v7.01b Hyperref: PDF Unicode definition (HO)
Now handling font encoding PU ...
... no UTF-8 mapping file for font encoding PU
)
Package hyperref Info: Option `plainpages' set `true' on input line 4050.
Package hyperref Info: Option `breaklinks' set `true' on input line 4050.
Package hyperref Info: Hyper figures OFF on input line 4167.
Package hyperref Info: Link nesting OFF on input line 4172.
Package hyperref Info: Hyper index ON on input line 4175.
Package hyperref Info: Plain pages ON on input line 4180.
Package hyperref Info: Backreferencing ON on input line 4185.
Package hyperref Info: Implicit mode ON; LaTeX internals redefined.
Package hyperref Info: Bookmarks ON on input line 4434.
 (C:\LaTeX\MiKTeX\tex/latex/hyperref\backref.sty
Package: backref 2023/04/20 v1.42 Bibliographical back referencing
 (C:\Users\bnouri\AppData\Roaming\MiKTeX\tex/latex/rerunfilecheck\rerunfilecheck.sty
Package: rerunfilecheck 2022-07-10 v1.10 Rerun checks for auxiliary files (HO)
 (C:\LaTeX\MiKTeX\tex/latex/base\atveryend-ltx.sty
Package: atveryend-ltx 2020/08/19 v1.0a Emulation of the original atveryend package
with kernel methods
) (C:\Users\bnouri\AppData\Roaming\MiKTeX\tex/generic/uniquecounter\uniquecounter.sty
Package: uniquecounter 2019/12/15 v1.4 Provide unlimited unique counter (HO)
 (C:\Users\bnouri\AppData\Roaming\MiKTeX\tex/generic/bigintcalc\bigintcalc.sty
Package: bigintcalc 2019/12/15 v1.5 Expandable calculations on big integers (HO)
))
Package uniquecounter Info: New unique counter `rerunfilecheck' on input line 285.
))
\c@Hy@tempcnt=\count338
 (C:\LaTeX\MiKTeX\tex/latex/url\url.sty
\Urlmuskip=\muskip17
Package: url 2013/09/16  ver 3.4  Verb mode for urls, etc.
)
LaTeX Info: Redefining \url on input line 4772.
\XeTeXLinkMargin=\dimen286
 (C:\Users\bnouri\AppData\Roaming\MiKTeX\tex/generic/bitset\bitset.sty
Package: bitset 2019/12/09 v1.3 Handle bit-vector datatype (HO)
)
\Fld@menulength=\count339
\Field@Width=\dimen287
\Fld@charsize=\dimen288
Package hyperref Info: Hyper figures OFF on input line 6051.
Package hyperref Info: Link nesting OFF on input line 6056.
Package hyperref Info: Hyper index ON on input line 6059.
Package hyperref Info: backreferencing ON on input line 6064.
Package hyperref Info: Link coloring OFF on input line 6071.
Package hyperref Info: Link coloring with OCG OFF on input line 6076.
Package hyperref Info: PDF/A mode OFF on input line 6081.
 (C:\LaTeX\MiKTeX\tex/latex/base\atbegshi-ltx.sty
Package: atbegshi-ltx 2021/01/10 v1.0c Emulation of the original atbegshi
package with kernel methods
)
\Hy@abspage=\count340
\c@Item=\count341
\c@Hfootnote=\count342
)
Package hyperref Info: Driver: hpdftex.
 (C:\LaTeX\MiKTeX\tex/latex/hyperref\hpdftex.def
File: hpdftex.def 2023-07-08 v7.01b Hyperref driver for pdfTeX
\Fld@listcount=\count343
\c@bookmark@seq@number=\count344
\Hy@SectionHShift=\skip109
)
Package hyperref Info: Option `colorlinks' set `true' on input line 163.
 (C:\LaTeX\MiKTeX\tex/generic/babel\babel.sty
Package: babel 2023/09/12 v3.94 The Babel package
\babel@savecnt=\count345
\U@D=\dimen289
\l@unhyphenated=\language79
 (C:\LaTeX\MiKTeX\tex/generic/babel\txtbabel.def)
\bbl@readstream=\read2
\bbl@dirlevel=\count346

*************************************
* Local config file bblopts.cfg used
*
(C:\LaTeX\MiKTeX\tex/latex/arabi\bblopts.cfg
File: bblopts.cfg 2005/09/08 v0.1 add Arabic and Farsi to "declared" options of babel
) (C:\LaTeX\MiKTeX\tex/latex/babel-english\english.ldf
Language: english 2017/06/06 v3.3r English support from the babel system
Package babel Info: Hyphen rules for 'canadian' set to \l@english
(babel)             (\language0). Reported on input line 102.
Package babel Info: Hyphen rules for 'australian' set to \l@ukenglish
(babel)             (\language73). Reported on input line 105.
Package babel Info: Hyphen rules for 'newzealand' set to \l@ukenglish
(babel)             (\language73). Reported on input line 108.
)) (C:\LaTeX\MiKTeX\tex/generic/babel/locale/en\babel-english.tex
Package babel Info: Importing font and identification data for english
(babel)             from babel-en.ini. Reported on input line 11.
) (C:\LaTeX\MiKTeX\tex/latex/base\fontenc.sty
Package: fontenc 2021/04/29 v2.0v Standard LaTeX package
) (C:\LaTeX\MiKTeX\tex/latex/base\inputenc.sty
Package: inputenc 2021/02/14 v1.3d Input encoding file
\inpenc@prehook=\toks39
\inpenc@posthook=\toks40
) (C:\Users\bnouri\AppData\Roaming\MiKTeX\tex/latex/ulem\ulem.sty
\UL@box=\box65
\UL@hyphenbox=\box66
\UL@skip=\skip110
\UL@hook=\toks41
\UL@height=\dimen290
\UL@pe=\count347
\UL@pixel=\dimen291
\ULC@box=\box67
Package: ulem 2019/11/18
\ULdepth=\dimen292
) (C:\LaTeX\MiKTeX\tex/latex/base\textcomp.sty
Package: textcomp 2020/02/02 v2.0n Standard LaTeX package
) (C:\Users\bnouri\AppData\Roaming\MiKTeX\tex/latex/was\upgreek.sty
Package: upgreek 2003/02/12 v2.0 (WaS)
Package upgreek Info: Using Euler Roman for upright Greek on input line 31.
\symugrf@m=\mathgroup6
LaTeX Font Info:    Overwriting symbol font `ugrf@m' in version `bold'
(Font)                  U/eur/m/n --> U/eur/b/n on input line 38.
) (C:\Users\bnouri\AppData\Roaming\MiKTeX\tex/latex/upquote\upquote.sty
Package: upquote 2012/04/19 v1.3 upright-quote and grave-accent glyphs in verbatim
) (C:\LaTeX\MiKTeX\tex/latex/lm\lmodern.sty
Package: lmodern 2015/05/01 v1.6.1 Latin Modern Fonts
LaTeX Font Info:    Overwriting symbol font `operators' in version `normal'
(Font)                  OT1/cmr/m/n --> OT1/lmr/m/n on input line 22.
LaTeX Font Info:    Overwriting symbol font `letters' in version `normal'
(Font)                  OML/cmm/m/it --> OML/lmm/m/it on input line 23.
LaTeX Font Info:    Overwriting symbol font `symbols' in version `normal'
(Font)                  OMS/cmsy/m/n --> OMS/lmsy/m/n on input line 24.
LaTeX Font Info:    Overwriting symbol font `largesymbols' in version `normal'
(Font)                  OMX/cmex/m/n --> OMX/lmex/m/n on input line 25.
LaTeX Font Info:    Overwriting symbol font `operators' in version `bold'
(Font)                  OT1/cmr/bx/n --> OT1/lmr/bx/n on input line 26.
LaTeX Font Info:    Overwriting symbol font `letters' in version `bold'
(Font)                  OML/cmm/b/it --> OML/lmm/b/it on input line 27.
LaTeX Font Info:    Overwriting symbol font `symbols' in version `bold'
(Font)                  OMS/cmsy/b/n --> OMS/lmsy/b/n on input line 28.
LaTeX Font Info:    Overwriting symbol font `largesymbols' in version `bold'
(Font)                  OMX/cmex/m/n --> OMX/lmex/m/n on input line 29.
LaTeX Font Info:    Overwriting math alphabet `\mathbf' in version `normal'
(Font)                  OT1/cmr/bx/n --> OT1/lmr/bx/n on input line 31.
LaTeX Font Info:    Overwriting math alphabet `\mathsf' in version `normal'
(Font)                  OT1/cmss/m/n --> OT1/lmss/m/n on input line 32.
LaTeX Font Info:    Overwriting math alphabet `\mathit' in version `normal'
(Font)                  OT1/cmr/m/it --> OT1/lmr/m/it on input line 33.
LaTeX Font Info:    Overwriting math alphabet `\mathtt' in version `normal'
(Font)                  OT1/cmtt/m/n --> OT1/lmtt/m/n on input line 34.
LaTeX Font Info:    Overwriting math alphabet `\mathbf' in version `bold'
(Font)                  OT1/cmr/bx/n --> OT1/lmr/bx/n on input line 35.
LaTeX Font Info:    Overwriting math alphabet `\mathsf' in version `bold'
(Font)                  OT1/cmss/bx/n --> OT1/lmss/bx/n on input line 36.
LaTeX Font Info:    Overwriting math alphabet `\mathit' in version `bold'
(Font)                  OT1/cmr/bx/it --> OT1/lmr/bx/it on input line 37.
LaTeX Font Info:    Overwriting math alphabet `\mathtt' in version `bold'
(Font)                  OT1/cmtt/m/n --> OT1/lmtt/m/n on input line 38.
) (C:\Users\bnouri\AppData\Roaming\MiKTeX\tex/generic/soul\soul.sty
Package: soul 2023-06-14 v3.1 Permit use of UTF-8 characters in soul (HO)
 (C:\Users\bnouri\AppData\Roaming\MiKTeX\tex/generic/soul\soul-ori.sty
Package: soul-ori 2023-06-14 v3.1 letterspacing/underlining (mf)
\SOUL@word=\toks42
\SOUL@lasttoken=\toks43
\SOUL@syllable=\toks44
\SOUL@cmds=\toks45
\SOUL@buffer=\toks46
\SOUL@token=\toks47
\SOUL@syllgoal=\dimen293
\SOUL@syllwidth=\dimen294
\SOUL@charkern=\dimen295
\SOUL@hyphkern=\dimen296
\SOUL@dimen=\dimen297
\SOUL@dimeni=\dimen298
\SOUL@minus=\count348
\SOUL@comma=\count349
\SOUL@apo=\count350
\SOUL@grave=\count351
\SOUL@spaceskip=\skip111
\SOUL@ttwidth=\dimen299
\SOUL@uldp=\dimen300
\SOUL@ulht=\dimen301
) (C:\Users\bnouri\AppData\Roaming\MiKTeX\tex/generic/etexcmds\etexcmds.sty
Package: etexcmds 2019/12/15 v1.7 Avoid name clashes with e-TeX commands (HO)
)) (C:\Users\bnouri\AppData\Roaming\MiKTeX\tex/latex/brushscr\pbsi.sty
Package: pbsi 2001/09/17 - BrushScriptX-Italic selection command 'textbsi'
 (C:\Users\bnouri\AppData\Roaming\MiKTeX\tex/latex/brushscr\t1pbsi.fd
File: t1pbsi.fd 2001/09/24 Fontinst v1.801 font definitions for T1/pbsi.
)) (C:\Users\bnouri\AppData\Roaming\MiKTeX\tex/latex/psnfss\pifont.sty
Package: pifont 2020/03/25 PSNFSS-v9.3 Pi font support (SPQR) 
LaTeX Font Info:    Trying to load font information for U+pzd on input line 63.
 (C:\Users\bnouri\AppData\Roaming\MiKTeX\tex/latex/psnfss\upzd.fd
File: upzd.fd 2001/06/04 font definitions for U/pzd.
)
LaTeX Font Info:    Trying to load font information for U+psy on input line 64.
 (C:\Users\bnouri\AppData\Roaming\MiKTeX\tex/latex/psnfss\upsy.fd
File: upsy.fd 2001/06/04 font definitions for U/psy.
)) (C:\Users\bnouri\AppData\Roaming\MiKTeX\tex/latex/marvosym\marvosym.sty
Package: marvosym 2011/07/20 v2.2 Martin Vogel's Symbols font definitions
) (C:\Users\bnouri\AppData\Roaming\MiKTeX\tex/latex/fontawesome\fontawesome.sty
Package: fontawesome 2016/05/15 v4.6.3.1 font awesome icons
 (C:\LaTeX\MiKTeX\tex/generic/iftex\ifxetex.sty
Package: ifxetex 2019/10/25 v0.7 ifxetex legacy package. Use iftex instead.
) (C:\LaTeX\MiKTeX\tex/generic/iftex\ifluatex.sty
Package: ifluatex 2019/10/25 v1.5 ifluatex legacy package. Use iftex instead.
) (C:\Users\bnouri\AppData\Roaming\MiKTeX\tex/latex/fontawesome\fontawesomesymbols-generic.tex) (C:\Users\bnouri\AppData\Roaming\MiKTeX\tex/latex/fontawesome\fontawesomesymbols-pdftex.tex)) (C:\Users\bnouri\AppData\Roaming\MiKTeX\tex/latex/fancyvrb\fancyvrb.sty
Package: fancyvrb 2023/01/19 4.5a verbatim text (tvz,hv)
\FV@CodeLineNo=\count352
\FV@InFile=\read3
\FV@TabBox=\box68
\c@FancyVerbLine=\count353
\FV@StepNumber=\count354
\FV@OutFile=\write3
) (C:\Users\bnouri\AppData\Roaming\MiKTeX\tex/latex/microtype\microtype.sty
Package: microtype 2023/03/13 v3.1a Micro-typographical refinements (RS)
\MT@toks=\toks48
\MT@tempbox=\box69
\MT@count=\count355
LaTeX Info: Redefining \noprotrusionifhmode on input line 1059.
LaTeX Info: Redefining \leftprotrusion on input line 1060.
\MT@prot@toks=\toks49
LaTeX Info: Redefining \rightprotrusion on input line 1078.
LaTeX Info: Redefining \textls on input line 1368.
\MT@outer@kern=\dimen302
LaTeX Info: Redefining \textmicrotypecontext on input line 1988.
\MT@listname@count=\count356
 (C:\Users\bnouri\AppData\Roaming\MiKTeX\tex/latex/microtype\microtype-pdftex.def
File: microtype-pdftex.def 2023/03/13 v3.1a Definitions specific to pdftex (RS)
LaTeX Info: Redefining \lsstyle on input line 902.
LaTeX Info: Redefining \lslig on input line 902.
\MT@outer@space=\skip112
)
Package microtype Info: Loading configuration file microtype.cfg.
 (C:\Users\bnouri\AppData\Roaming\MiKTeX\tex/latex/microtype\microtype.cfg
File: microtype.cfg 2023/03/13 v3.1a microtype main configuration file (RS)
)) (C:\LaTeX\MiKTeX\tex/latex/tools\enumerate.sty
Package: enumerate 2015/07/23 v3.00 enumerate extensions (DPC)
\@enLab=\toks50
) (C:\Users\bnouri\AppData\Roaming\MiKTeX\tex/latex/enumitem\enumitem.sty
Package: enumitem 2019/06/20 v3.9 Customized lists
\labelindent=\skip113
\enit@outerparindent=\dimen303
\enit@toks=\toks51
\enit@inbox=\box70
\enit@count@id=\count357
\enitdp@description=\count358
) (C:\LaTeX\MiKTeX\tex/latex/tcolorbox\tcolorbox.sty
Package: tcolorbox 2023/06/19 version 6.0.4 text color boxes
 (C:\LaTeX\MiKTeX\tex/latex/pgf/basiclayer\pgf.sty (C:\LaTeX\MiKTeX\tex/latex/pgf/utilities\pgfrcs.sty (C:\LaTeX\MiKTeX\tex/generic/pgf/utilities\pgfutil-common.tex
\pgfutil@everybye=\toks52
\pgfutil@tempdima=\dimen304
\pgfutil@tempdimb=\dimen305
) (C:\LaTeX\MiKTeX\tex/generic/pgf/utilities\pgfutil-latex.def
\pgfutil@abb=\box71
) (C:\LaTeX\MiKTeX\tex/generic/pgf/utilities\pgfrcs.code.tex (C:\LaTeX\MiKTeX\tex/generic/pgf\pgf.revision.tex)
Package: pgfrcs 2023-01-15 v3.1.10 (3.1.10)
))
Package: pgf 2023-01-15 v3.1.10 (3.1.10)
 (C:\LaTeX\MiKTeX\tex/latex/pgf/basiclayer\pgfcore.sty (C:\LaTeX\MiKTeX\tex/latex/pgf/systemlayer\pgfsys.sty (C:\LaTeX\MiKTeX\tex/generic/pgf/systemlayer\pgfsys.code.tex
Package: pgfsys 2023-01-15 v3.1.10 (3.1.10)
 (C:\LaTeX\MiKTeX\tex/generic/pgf/utilities\pgfkeys.code.tex
\pgfkeys@pathtoks=\toks53
\pgfkeys@temptoks=\toks54
 (C:\LaTeX\MiKTeX\tex/generic/pgf/utilities\pgfkeyslibraryfiltered.code.tex
\pgfkeys@tmptoks=\toks55
))
\pgf@x=\dimen306
\pgf@y=\dimen307
\pgf@xa=\dimen308
\pgf@ya=\dimen309
\pgf@xb=\dimen310
\pgf@yb=\dimen311
\pgf@xc=\dimen312
\pgf@yc=\dimen313
\pgf@xd=\dimen314
\pgf@yd=\dimen315
\w@pgf@writea=\write4
\r@pgf@reada=\read4
\c@pgf@counta=\count359
\c@pgf@countb=\count360
\c@pgf@countc=\count361
\c@pgf@countd=\count362
\t@pgf@toka=\toks56
\t@pgf@tokb=\toks57
\t@pgf@tokc=\toks58
\pgf@sys@id@count=\count363
 (C:\LaTeX\MiKTeX\tex/generic/pgf/systemlayer\pgf.cfg
File: pgf.cfg 2023-01-15 v3.1.10 (3.1.10)
)
Driver file for pgf: pgfsys-pdftex.def
 (C:\LaTeX\MiKTeX\tex/generic/pgf/systemlayer\pgfsys-pdftex.def
File: pgfsys-pdftex.def 2023-01-15 v3.1.10 (3.1.10)
 (C:\LaTeX\MiKTeX\tex/generic/pgf/systemlayer\pgfsys-common-pdf.def
File: pgfsys-common-pdf.def 2023-01-15 v3.1.10 (3.1.10)
))) (C:\LaTeX\MiKTeX\tex/generic/pgf/systemlayer\pgfsyssoftpath.code.tex
File: pgfsyssoftpath.code.tex 2023-01-15 v3.1.10 (3.1.10)
\pgfsyssoftpath@smallbuffer@items=\count364
\pgfsyssoftpath@bigbuffer@items=\count365
) (C:\LaTeX\MiKTeX\tex/generic/pgf/systemlayer\pgfsysprotocol.code.tex
File: pgfsysprotocol.code.tex 2023-01-15 v3.1.10 (3.1.10)
)) (C:\LaTeX\MiKTeX\tex/generic/pgf/basiclayer\pgfcore.code.tex
Package: pgfcore 2023-01-15 v3.1.10 (3.1.10)
 (C:\LaTeX\MiKTeX\tex/generic/pgf/math\pgfmath.code.tex (C:\LaTeX\MiKTeX\tex/generic/pgf/math\pgfmathutil.code.tex) (C:\LaTeX\MiKTeX\tex/generic/pgf/math\pgfmathparser.code.tex
\pgfmath@dimen=\dimen316
\pgfmath@count=\count366
\pgfmath@box=\box72
\pgfmath@toks=\toks59
\pgfmath@stack@operand=\toks60
\pgfmath@stack@operation=\toks61
) (C:\LaTeX\MiKTeX\tex/generic/pgf/math\pgfmathfunctions.code.tex) (C:\LaTeX\MiKTeX\tex/generic/pgf/math\pgfmathfunctions.basic.code.tex) (C:\LaTeX\MiKTeX\tex/generic/pgf/math\pgfmathfunctions.trigonometric.code.tex) (C:\LaTeX\MiKTeX\tex/generic/pgf/math\pgfmathfunctions.random.code.tex) (C:\LaTeX\MiKTeX\tex/generic/pgf/math\pgfmathfunctions.comparison.code.tex) (C:\LaTeX\MiKTeX\tex/generic/pgf/math\pgfmathfunctions.base.code.tex) (C:\LaTeX\MiKTeX\tex/generic/pgf/math\pgfmathfunctions.round.code.tex) (C:\LaTeX\MiKTeX\tex/generic/pgf/math\pgfmathfunctions.misc.code.tex) (C:\LaTeX\MiKTeX\tex/generic/pgf/math\pgfmathfunctions.integerarithmetics.code.tex) (C:\LaTeX\MiKTeX\tex/generic/pgf/math\pgfmathcalc.code.tex) (C:\LaTeX\MiKTeX\tex/generic/pgf/math\pgfmathfloat.code.tex
\c@pgfmathroundto@lastzeros=\count367
)) (C:\LaTeX\MiKTeX\tex/generic/pgf/math\pgfint.code.tex) (C:\LaTeX\MiKTeX\tex/generic/pgf/basiclayer\pgfcorepoints.code.tex
File: pgfcorepoints.code.tex 2023-01-15 v3.1.10 (3.1.10)
\pgf@picminx=\dimen317
\pgf@picmaxx=\dimen318
\pgf@picminy=\dimen319
\pgf@picmaxy=\dimen320
\pgf@pathminx=\dimen321
\pgf@pathmaxx=\dimen322
\pgf@pathminy=\dimen323
\pgf@pathmaxy=\dimen324
\pgf@xx=\dimen325
\pgf@xy=\dimen326
\pgf@yx=\dimen327
\pgf@yy=\dimen328
\pgf@zx=\dimen329
\pgf@zy=\dimen330
) (C:\LaTeX\MiKTeX\tex/generic/pgf/basiclayer\pgfcorepathconstruct.code.tex
File: pgfcorepathconstruct.code.tex 2023-01-15 v3.1.10 (3.1.10)
\pgf@path@lastx=\dimen331
\pgf@path@lasty=\dimen332
) (C:\LaTeX\MiKTeX\tex/generic/pgf/basiclayer\pgfcorepathusage.code.tex
File: pgfcorepathusage.code.tex 2023-01-15 v3.1.10 (3.1.10)
\pgf@shorten@end@additional=\dimen333
\pgf@shorten@start@additional=\dimen334
) (C:\LaTeX\MiKTeX\tex/generic/pgf/basiclayer\pgfcorescopes.code.tex
File: pgfcorescopes.code.tex 2023-01-15 v3.1.10 (3.1.10)
\pgfpic=\box73
\pgf@hbox=\box74
\pgf@layerbox@main=\box75
\pgf@picture@serial@count=\count368
) (C:\LaTeX\MiKTeX\tex/generic/pgf/basiclayer\pgfcoregraphicstate.code.tex
File: pgfcoregraphicstate.code.tex 2023-01-15 v3.1.10 (3.1.10)
\pgflinewidth=\dimen335
) (C:\LaTeX\MiKTeX\tex/generic/pgf/basiclayer\pgfcoretransformations.code.tex
File: pgfcoretransformations.code.tex 2023-01-15 v3.1.10 (3.1.10)
\pgf@pt@x=\dimen336
\pgf@pt@y=\dimen337
\pgf@pt@temp=\dimen338
) (C:\LaTeX\MiKTeX\tex/generic/pgf/basiclayer\pgfcorequick.code.tex
File: pgfcorequick.code.tex 2023-01-15 v3.1.10 (3.1.10)
) (C:\LaTeX\MiKTeX\tex/generic/pgf/basiclayer\pgfcoreobjects.code.tex
File: pgfcoreobjects.code.tex 2023-01-15 v3.1.10 (3.1.10)
) (C:\LaTeX\MiKTeX\tex/generic/pgf/basiclayer\pgfcorepathprocessing.code.tex
File: pgfcorepathprocessing.code.tex 2023-01-15 v3.1.10 (3.1.10)
) (C:\LaTeX\MiKTeX\tex/generic/pgf/basiclayer\pgfcorearrows.code.tex
File: pgfcorearrows.code.tex 2023-01-15 v3.1.10 (3.1.10)
\pgfarrowsep=\dimen339
) (C:\LaTeX\MiKTeX\tex/generic/pgf/basiclayer\pgfcoreshade.code.tex
File: pgfcoreshade.code.tex 2023-01-15 v3.1.10 (3.1.10)
\pgf@max=\dimen340
\pgf@sys@shading@range@num=\count369
\pgf@shadingcount=\count370
) (C:\LaTeX\MiKTeX\tex/generic/pgf/basiclayer\pgfcoreimage.code.tex
File: pgfcoreimage.code.tex 2023-01-15 v3.1.10 (3.1.10)
) (C:\LaTeX\MiKTeX\tex/generic/pgf/basiclayer\pgfcoreexternal.code.tex
File: pgfcoreexternal.code.tex 2023-01-15 v3.1.10 (3.1.10)
\pgfexternal@startupbox=\box76
) (C:\LaTeX\MiKTeX\tex/generic/pgf/basiclayer\pgfcorelayers.code.tex
File: pgfcorelayers.code.tex 2023-01-15 v3.1.10 (3.1.10)
) (C:\LaTeX\MiKTeX\tex/generic/pgf/basiclayer\pgfcoretransparency.code.tex
File: pgfcoretransparency.code.tex 2023-01-15 v3.1.10 (3.1.10)
) (C:\LaTeX\MiKTeX\tex/generic/pgf/basiclayer\pgfcorepatterns.code.tex
File: pgfcorepatterns.code.tex 2023-01-15 v3.1.10 (3.1.10)
) (C:\LaTeX\MiKTeX\tex/generic/pgf/basiclayer\pgfcorerdf.code.tex
File: pgfcorerdf.code.tex 2023-01-15 v3.1.10 (3.1.10)
))) (C:\LaTeX\MiKTeX\tex/generic/pgf/modules\pgfmoduleshapes.code.tex
File: pgfmoduleshapes.code.tex 2023-01-15 v3.1.10 (3.1.10)
\pgfnodeparttextbox=\box77
) (C:\LaTeX\MiKTeX\tex/generic/pgf/modules\pgfmoduleplot.code.tex
File: pgfmoduleplot.code.tex 2023-01-15 v3.1.10 (3.1.10)
) (C:\LaTeX\MiKTeX\tex/latex/pgf/compatibility\pgfcomp-version-0-65.sty
Package: pgfcomp-version-0-65 2023-01-15 v3.1.10 (3.1.10)
\pgf@nodesepstart=\dimen341
\pgf@nodesepend=\dimen342
) (C:\LaTeX\MiKTeX\tex/latex/pgf/compatibility\pgfcomp-version-1-18.sty
Package: pgfcomp-version-1-18 2023-01-15 v3.1.10 (3.1.10)
)) (C:\LaTeX\MiKTeX\tex/latex/tools\verbatim.sty
Package: verbatim 2022-07-02 v1.5u LaTeX2e package for verbatim enhancements
\every@verbatim=\toks62
\verbatim@line=\toks63
\verbatim@in@stream=\read5
) (C:\LaTeX\MiKTeX\tex/latex/environ\environ.sty
Package: environ 2014/05/04 v0.3 A new way to define environments
 (C:\LaTeX\MiKTeX\tex/latex/trimspaces\trimspaces.sty
Package: trimspaces 2009/09/17 v1.1 Trim spaces around a token list
))
\tcb@titlebox=\box78
\tcb@upperbox=\box79
\tcb@lowerbox=\box80
\tcb@phantombox=\box81
\c@tcbbreakpart=\count371
\c@tcblayer=\count372
\c@tcolorbox@number=\count373
\tcb@temp=\box82
\tcb@temp=\box83
\tcb@temp=\box84
\tcb@temp=\box85
 (C:\LaTeX\MiKTeX\tex/latex/tcolorbox\tcbraster.code.tex
Library (tcolorbox): 'tcbraster.code.tex' version '6.0.4'
\c@tcbrastercolumn=\count374
\c@tcbrasterrow=\count375
\c@tcbrasternum=\count376
\c@tcbraster=\count377
) (C:\LaTeX\MiKTeX\tex/latex/tcolorbox\tcbskins.code.tex
Library (tcolorbox): 'tcbskins.code.tex' version '6.0.4'
(C:\LaTeX\MiKTeX\tex/latex/pgf/frontendlayer\tikz.sty (C:\LaTeX\MiKTeX\tex/latex/pgf/utilities\pgffor.sty (C:\LaTeX\MiKTeX\tex/latex/pgf/utilities\pgfkeys.sty (C:\LaTeX\MiKTeX\tex/generic/pgf/utilities\pgfkeys.code.tex)) (C:\LaTeX\MiKTeX\tex/latex/pgf/math\pgfmath.sty (C:\LaTeX\MiKTeX\tex/generic/pgf/math\pgfmath.code.tex)) (C:\LaTeX\MiKTeX\tex/generic/pgf/utilities\pgffor.code.tex
Package: pgffor 2023-01-15 v3.1.10 (3.1.10)
\pgffor@iter=\dimen343
\pgffor@skip=\dimen344
\pgffor@stack=\toks64
\pgffor@toks=\toks65
)) (C:\LaTeX\MiKTeX\tex/generic/pgf/frontendlayer/tikz\tikz.code.tex
Package: tikz 2023-01-15 v3.1.10 (3.1.10)
 (C:\LaTeX\MiKTeX\tex/generic/pgf/libraries\pgflibraryplothandlers.code.tex
File: pgflibraryplothandlers.code.tex 2023-01-15 v3.1.10 (3.1.10)
\pgf@plot@mark@count=\count378
\pgfplotmarksize=\dimen345
)
\tikz@lastx=\dimen346
\tikz@lasty=\dimen347
\tikz@lastxsaved=\dimen348
\tikz@lastysaved=\dimen349
\tikz@lastmovetox=\dimen350
\tikz@lastmovetoy=\dimen351
\tikzleveldistance=\dimen352
\tikzsiblingdistance=\dimen353
\tikz@figbox=\box86
\tikz@figbox@bg=\box87
\tikz@tempbox=\box88
\tikz@tempbox@bg=\box89
\tikztreelevel=\count379
\tikznumberofchildren=\count380
\tikznumberofcurrentchild=\count381
\tikz@fig@count=\count382
 (C:\LaTeX\MiKTeX\tex/generic/pgf/modules\pgfmodulematrix.code.tex
File: pgfmodulematrix.code.tex 2023-01-15 v3.1.10 (3.1.10)
\pgfmatrixcurrentrow=\count383
\pgfmatrixcurrentcolumn=\count384
\pgf@matrix@numberofcolumns=\count385
)
\tikz@expandcount=\count386
 (C:\LaTeX\MiKTeX\tex/generic/pgf/frontendlayer/tikz/libraries\tikzlibrarytopaths.code.tex
File: tikzlibrarytopaths.code.tex 2023-01-15 v3.1.10 (3.1.10)
))) (C:\Users\bnouri\AppData\Roaming\MiKTeX\tex/latex/tikzfill\tikzfill.image.sty
Package: tikzfill.image 2023/08/08 v1.0.1 Image filling library for TikZ
 (C:\Users\bnouri\AppData\Roaming\MiKTeX\tex/latex/tikzfill\tikzfill-common.sty
Package: tikzfill-common 2023/08/08 v1.0.1 Auxiliary code for tikzfill
) (C:\Users\bnouri\AppData\Roaming\MiKTeX\tex/latex/tikzfill\tikzlibraryfill.image.code.tex
File: tikzlibraryfill.image.code.tex 2023/08/08 v1.0.1 Image filling library
\l__tikzfill_img_box=\box90
)) (C:\LaTeX\MiKTeX\tex/latex/tcolorbox\tcbskinsjigsaw.code.tex
Library (tcolorbox): 'tcbskinsjigsaw.code.tex' version '6.0.4'
)) (C:\LaTeX\MiKTeX\tex/latex/tcolorbox\tcbbreakable.code.tex
Library (tcolorbox): 'tcbbreakable.code.tex' version '6.0.4'
(C:\Users\bnouri\AppData\Roaming\MiKTeX\tex/latex/pdfcol\pdfcol.sty
Package: pdfcol 2022-09-21 v1.7 Handle new color stacks for pdfTeX (HO)
)
Package pdfcol Info: New color stack `tcb@breakable' = 1 on input line 23.
\tcb@testbox=\box91
\tcb@totalupperbox=\box92
\tcb@totallowerbox=\box93
) (C:\LaTeX\MiKTeX\tex/latex/tcolorbox\tcbhooks.code.tex
Library (tcolorbox): 'tcbhooks.code.tex' version '6.0.4'
) (C:\LaTeX\MiKTeX\tex/latex/tcolorbox\tcbtheorems.code.tex
Library (tcolorbox): 'tcbtheorems.code.tex' version '6.0.4'
) (C:\LaTeX\MiKTeX\tex/latex/tcolorbox\tcbfitting.code.tex
Library (tcolorbox): 'tcbfitting.code.tex' version '6.0.4'
\tcbfitdim=\dimen354
\tcb@lowerfitdim=\dimen355
\tcb@upperfitdim=\dimen356
\tcb@cur@hbadness=\count387
) (C:\LaTeX\MiKTeX\tex/latex/tcolorbox\tcblistingsutf8.code.tex
Library (tcolorbox): 'tcblistingsutf8.code.tex' version '6.0.4'
(C:\LaTeX\MiKTeX\tex/latex/tcolorbox\tcblistings.code.tex
Library (tcolorbox): 'tcblistings.code.tex' version '6.0.4'
(C:\LaTeX\MiKTeX\tex/latex/listings\listings.sty
\lst@mode=\count388
\lst@gtempboxa=\box94
\lst@token=\toks66
\lst@length=\count389
\lst@currlwidth=\dimen357
\lst@column=\count390
\lst@pos=\count391
\lst@lostspace=\dimen358
\lst@width=\dimen359
\lst@newlines=\count392
\lst@lineno=\count393
\lst@maxwidth=\dimen360
 (C:\LaTeX\MiKTeX\tex/latex/listings\lstmisc.sty
File: lstmisc.sty 2023/02/27 1.9 (Carsten Heinz)
\c@lstnumber=\count394
\lst@skipnumbers=\count395
\lst@framebox=\box95
) (C:\LaTeX\MiKTeX\tex/latex/listings\listings.cfg
File: listings.cfg 2023/02/27 1.9 listings configuration
))
Package: listings 2023/02/27 1.9 (Carsten Heinz)
 (C:\LaTeX\MiKTeX\tex/latex/tcolorbox\tcblistingscore.code.tex
Library (tcolorbox): 'tcblistingscore.code.tex' version '6.0.4'
(C:\LaTeX\MiKTeX\tex/latex/tcolorbox\tcbprocessing.code.tex
Library (tcolorbox): 'tcbprocessing.code.tex' version '6.0.4'
(C:\LaTeX\MiKTeX\tex/latex/tools\shellesc.sty
Package: shellesc 2023/04/15 v1.0d unified shell escape interface for LaTeX
Package shellesc Info: Restricted shell escape enabled on input line 77.
))
\c@tcblisting=\count396
)) (C:\Users\bnouri\AppData\Roaming\MiKTeX\tex/latex/listingsutf8\listingsutf8.sty
Package: listingsutf8 2019-12-10 v1.5 Allow UTF-8 in listings input (HO)
 (C:\Users\bnouri\AppData\Roaming\MiKTeX\tex/generic/stringenc\stringenc.sty
Package: stringenc 2019/11/29 v1.12 Convert strings between diff. encodings (HO)
))) (C:\LaTeX\MiKTeX\tex/latex/tcolorbox\tcbexternal.code.tex
Library (tcolorbox): 'tcbexternal.code.tex' version '6.0.4'
) (C:\LaTeX\MiKTeX\tex/latex/tcolorbox\tcbmagazine.code.tex
Library (tcolorbox): 'tcbmagazine.code.tex' version '6.0.4'
) (C:\LaTeX\MiKTeX\tex/latex/tcolorbox\tcbvignette.code.tex
Library (tcolorbox): 'tcbvignette.code.tex' version '6.0.4'
(C:\LaTeX\MiKTeX\tex/generic/pgf/frontendlayer/tikz/libraries\tikzlibraryfadings.code.tex
File: tikzlibraryfadings.code.tex 2023-01-15 v3.1.10 (3.1.10)
 (C:\LaTeX\MiKTeX\tex/generic/pgf/libraries\pgflibraryfadings.code.tex
File: pgflibraryfadings.code.tex 2023-01-15 v3.1.10 (3.1.10)
))) (C:\LaTeX\MiKTeX\tex/latex/tcolorbox\tcbposter.code.tex
Library (tcolorbox): 'tcbposter.code.tex' version '6.0.4'
)) (C:\Users\bnouri\AppData\Roaming\MiKTeX\tex/latex/siunitx\siunitx.sty
Package: siunitx 2023-09-01 v3.3.6 A comprehensive (SI) units package
\l__siunitx_number_uncert_offset_int=\count397
\l__siunitx_number_exponent_fixed_int=\count398
\l__siunitx_number_min_decimal_int=\count399
\l__siunitx_number_min_integer_int=\count400
\l__siunitx_number_round_precision_int=\count401
\l__siunitx_number_lower_threshold_int=\count402
\l__siunitx_number_upper_threshold_int=\count403
\l__siunitx_number_group_first_int=\count404
\l__siunitx_number_group_size_int=\count405
\l__siunitx_number_group_minimum_int=\count406
\l__siunitx_angle_tmp_dim=\dimen361
\l__siunitx_angle_marker_box=\box96
\l__siunitx_angle_unit_box=\box97
\l__siunitx_compound_count_int=\count407
 (C:\Users\bnouri\AppData\Roaming\MiKTeX\tex/latex/translations\translations.sty
Package: translations 2022/02/05 v1.12 internationalization of LaTeX2e packages (CN)
)
\l__siunitx_table_tmp_box=\box98
\l__siunitx_table_tmp_dim=\dimen362
\l__siunitx_table_column_width_dim=\dimen363
\l__siunitx_table_integer_box=\box99
\l__siunitx_table_decimal_box=\box100
\l__siunitx_table_uncert_box=\box101
\l__siunitx_table_before_box=\box102
\l__siunitx_table_after_box=\box103
\l__siunitx_table_before_dim=\dimen364
\l__siunitx_table_carry_dim=\dimen365
\l__siunitx_unit_tmp_int=\count408
\l__siunitx_unit_position_int=\count409
\l__siunitx_unit_total_int=\count410
) (C:\Users\bnouri\AppData\Roaming\MiKTeX\tex/latex/comment\comment.sty
\CommentStream=\write5
 Excluding comment 'comment') (C:\Users\bnouri\AppData\Roaming\MiKTeX\tex/latex/lipsum\lipsum.sty (C:\LaTeX\MiKTeX\tex/latex/l3packages/l3keys2e\l3keys2e.sty (C:\LaTeX\MiKTeX\tex/latex/l3kernel\expl3.sty
Package: expl3 2023-08-29 L3 programming layer (loader) 
 (C:\LaTeX\MiKTeX\tex/latex/l3backend\l3backend-pdftex.def
File: l3backend-pdftex.def 2023-04-19 L3 backend support: PDF output (pdfTeX)
\l__color_backend_stack_int=\count411
\l__pdf_internal_box=\box104
))
Package: l3keys2e 2023-08-29 LaTeX2e option processing using LaTeX3 keys
)
Package: lipsum 2021-09-20 v2.7 150 paragraphs of Lorem Ipsum dummy text
\g__lipsum_par_int=\count412
\l__lipsum_a_int=\count413
\l__lipsum_b_int=\count414
 (C:\Users\bnouri\AppData\Roaming\MiKTeX\tex/latex/lipsum\lipsum.ltd.tex)) (C:\LaTeX\MiKTeX\tex/latex/blindtext\blindtext.sty
Package: blindtext 2012/01/06 V2.0 blindtext-Package
 (C:\LaTeX\MiKTeX\tex/latex/tools\xspace.sty
Package: xspace 2014/10/28 v1.13 Space after command names (DPC,MH)
)
\c@blindtext=\count415
\c@Blindtext=\count416
\c@blind@countparstart=\count417
\blind@countxx=\count418
\blindtext@numBlindtext=\count419
\blind@countyy=\count420
\c@blindlist=\count421
\c@blindlistlevel=\count422
\c@blindlist@level=\count423
\blind@listitem=\count424
\c@blind@listcount=\count425
\c@blind@levelcount=\count426
\blind@mathformula=\count427
\blind@Mathformula=\count428
\c@blind@randomcount=\count429
\c@blind@randommax=\count430
\c@blind@pangramcount=\count431
\c@blind@pangrammax=\count432
) (C:\LaTeX\MiKTeX\tex/latex/listings\lstlang1.sty
File: lstlang1.sty 2023/02/27 1.9 listings language file
) (C:\LaTeX\MiKTeX\tex/latex/listings\lstlang1.sty
File: lstlang1.sty 2023/02/27 1.9 listings language file
) (C:\LaTeX\MiKTeX\tex/latex/listings\lstmisc.sty
File: lstmisc.sty 2023/02/27 1.9 (Carsten Heinz)
) (C:\Users\bnouri\AppData\Roaming\MiKTeX\tex/latex/relsize\relsize.sty
Package: relsize 2013/03/29 ver 4.1
) (C:\Users\bnouri\AppData\Roaming\MiKTeX\tex/latex/algorithms\algorithm.sty
Package: algorithm 2009/08/24 v0.1 Document Style `algorithm' - floating environment
\@float@every@algorithm=\toks67
\c@algorithm=\count433
) (C:\Users\bnouri\AppData\Roaming\MiKTeX\tex/latex/algorithms\algorithmic.sty
Package: algorithmic 2009/08/24 v0.1 Document Style `algorithmic'
\c@ALC@unique=\count434
\c@ALC@line=\count435
\c@ALC@rem=\count436
\c@ALC@depth=\count437
\ALC@tlm=\skip114
\algorithmicindent=\skip115
) (C:\Users\bnouri\AppData\Roaming\MiKTeX\tex/latex/pst-node\pst-node.sty
Package: pst-node 2012/09/18 v1.01 LaTeX wrapper for `pst-node' (HV)
 (C:\Users\bnouri\AppData\Roaming\MiKTeX\tex/latex/pstricks\pstricks.sty
Package: pstricks 2022/19/23 v0.72 LaTeX wrapper for `PSTricks' (RN,HV)
 (C:\LaTeX\MiKTeX\tex/generic/xkeyval\pst-xkey.tex
File: pst-xkey.tex 2005/11/25 v1.6 PSTricks specialization of xkeyval (HA)
 (C:\LaTeX\MiKTeX\tex/latex/xkeyval\xkeyval.sty
Package: xkeyval 2022/06/16 v2.9 package option processing (HA)
 (C:\LaTeX\MiKTeX\tex/generic/xkeyval\xkeyval.tex (C:\LaTeX\MiKTeX\tex/generic/xkeyval\xkvutils.tex
\XKV@toks=\toks68
\XKV@tempa@toks=\toks69
)
\XKV@depth=\count438
File: xkeyval.tex 2014/12/03 v2.7a key=value parser (HA)
))) (C:\Users\bnouri\AppData\Roaming\MiKTeX\tex/generic/pstricks\pstricks.tex (C:\Users\bnouri\AppData\Roaming\MiKTeX\tex/generic/pstricks\pst-fp.tex `pst-fp' v0.06, 2020/11/20 (hv)
\pstFP@xs=\count439
\pstFP@xia=\count440
\pstFP@xib=\count441
\pstFP@xfa=\count442
\pstFP@xfb=\count443
\pstFP@rega=\count444
\pstFP@regb=\count445
\pstFP@regs=\count446
\pstFP@times=\count447
)
\psLoopIndex=\count448

`PSTricks' v3.19  <2023/04/30> (tvz,hv)
\pst@dima=\dimen366
\pst@dimb=\dimen367
\pst@dimc=\dimen368
\pst@dimd=\dimen369
\pst@dimg=\dimen370
\pst@dimh=\dimen371
\pst@dimm=\dimen372
\pst@dimn=\dimen373
\pst@dimo=\dimen374
\pst@dimp=\dimen375
\pst@hbox=\box105
\pst@ibox=\box106
\pst@boxg=\box107
\pst@cnta=\count449
\pst@cntb=\count450
\pst@cntc=\count451
\pst@cntd=\count452
\pst@cntg=\count453
\pst@cnth=\count454
\pst@cntm=\count455
\pst@cntn=\count456
\pst@cnto=\count457
\pst@cntp=\count458
\@zero=\count459
\pst@toks=\toks70
--- We are running latex or xelatex ---
(C:\Users\bnouri\AppData\Roaming\MiKTeX\tex/generic/pstricks\pstricks.con) (C:\Users\bnouri\AppData\Roaming\MiKTeX\tex/generic/pstricks\pstricks-color.tex)
\psunit=\dimen376
\psxunit=\dimen377
\psyunit=\dimen378
\pst@C@@rType=\count460
\pslinewidth=\dimen379
\psk@startLW=\dimen380
\psk@endLW=\dimen381
 (C:\Users\bnouri\AppData\Roaming\MiKTeX\tex/generic/pstricks\pstricks-arrows.tex
\pshooklength=\dimen382
\pshookwidth=\dimen383
)
\pst@customdefs=\toks71
 (C:\Users\bnouri\AppData\Roaming\MiKTeX\tex/generic/pstricks\pstricks-dots.tex)
\pslinearc=\dimen384
\pst@symbolStep=\dimen385
\pst@symbolWidth=\dimen386
\pst@symbolLinewidth=\dimen387
\everypsbox=\toks72
\psframesep=\dimen388
\pslabelsep=\dimen389
\sh@wgridXunit=\dimen390
\sh@wgridYunit=\dimen391
\pst@shift=\dimen392
\ps@imagectr=\count461
 (C:\Users\bnouri\AppData\Roaming\MiKTeX\tex/generic/pstricks\pstricks.con))
File: pstricks.tex 2023/04/30 v3.19 `PSTricks' (tvz,hv)
 (C:\Users\bnouri\AppData\Roaming\MiKTeX\tex/generic/pstricks\pst-fp.tex `pst-fp' v0.06, 2020/11/20 (hv))
File: pst-fp.tex 2020/11/20 v0.06 `PST-fp' (hv)
)
Package: pst-node 2010/04/22 package wrapper for pst-node.tex
 (C:\Users\bnouri\AppData\Roaming\MiKTeX\tex/generic/pst-node\pst-node.tex  v1.43, 2022/01/31
\psrow=\count462
\pscol=\count463
\psmatrixcnt=\count464
\psrowsep=\skip116
\pscolsep=\skip117
\pst@args=\count465
\num@pts=\count466
\pst@argcnt=\count467
)
File: pst-node.tex 2022/01/31 1.43 `pst-node' (tvz,hv)
) (C:\Users\bnouri\AppData\Roaming\MiKTeX\tex/latex/pst-3d\pst-3d.sty
Package: pst-3d 2009/07/28 package wrapper for pst-3d.tex (hv)
 (C:\Users\bnouri\AppData\Roaming\MiKTeX\tex/generic/pst-3d\pst-3d.tex `PST-3d' v1.11, 2010/02/14 (tvz))
File: pst-3d.tex 2010/02/14 v1.11 `PST-3d' (hv)
) (C:\Users\bnouri\AppData\Roaming\MiKTeX\tex/latex/pst-blur\pst-blur.sty
Package: pst-blur 2005/09/08 package wrapper for pst-blur.tex (hv)
 (C:\Users\bnouri\AppData\Roaming\MiKTeX\tex/generic/pst-blur\pst-blur.tex  v2.0, 2005/09/08)
File: pst-blur.tex 2005/09/08 v2.0 `PST-blur' (hv)
) (C:\Users\bnouri\AppData\Roaming\MiKTeX\tex/latex/circuitikz\circuitikz.sty
Package: circuitikz 2023/06/23{} The CircuiTikz circuit drawing package version 1.6.3
 (C:\LaTeX\MiKTeX\tex/generic/pgf/frontendlayer/tikz/libraries\tikzlibrarycalc.code.tex
File: tikzlibrarycalc.code.tex 2023-01-15 v3.1.10 (3.1.10)
) (C:\LaTeX\MiKTeX\tex/generic/pgf/libraries\pgflibraryarrows.meta.code.tex
File: pgflibraryarrows.meta.code.tex 2023-01-15 v3.1.10 (3.1.10)
\pgfarrowinset=\dimen393
\pgfarrowlength=\dimen394
\pgfarrowwidth=\dimen395
\pgfarrowlinewidth=\dimen396
) (C:\LaTeX\MiKTeX\tex/generic/pgf/frontendlayer/tikz/libraries\tikzlibrarybending.code.tex
File: tikzlibrarybending.code.tex 2023-01-15 v3.1.10 (3.1.10)
 (C:\LaTeX\MiKTeX\tex/generic/pgf/modules\pgfmodulebending.code.tex
File: pgfmodulebending.code.tex 2023-01-15 v3.1.10 (3.1.10)
 (C:\LaTeX\MiKTeX\tex/generic/pgf/modules\pgfmodulenonlineartransformations.code.tex
File: pgfmodulenonlineartransformations.code.tex 2023-01-15 v3.1.10 (3.1.10)
\pgftransformnonlinearflatness=\dimen397
) (C:\LaTeX\MiKTeX\tex/generic/pgf/libraries\pgflibrarycurvilinear.code.tex
File: pgflibrarycurvilinear.code.tex 2023-01-15 v3.1.10 (3.1.10)
\pgf@curvilinear@time@a=\dimen398
\pgf@curvilinear@length@a=\dimen399
\pgf@curvilinear@length@b=\dimen400
\pgf@curvilinear@length@c=\dimen401
\pgf@curvilinear@length@d=\dimen402
)
\pgf@arrows@the@rigidity=\dimen403
)) (C:\LaTeX\MiKTeX\tex/generic/pgf/frontendlayer/tikz/libraries\tikzlibraryfpu.code.tex (C:\LaTeX\MiKTeX\tex/generic/pgf/libraries\pgflibraryfpu.code.tex)) (C:\Users\bnouri\AppData\Roaming\MiKTeX\tex/generic/circuitikz\pgfcirc.defines.tex
\pgf@circ@count@a=\count468
\pgf@circ@count@b=\count469
\pgf@circ@count@c=\count470
\pgf@circ@res@up=\dimen404
\pgf@circ@res@down=\dimen405
\pgf@circ@res@zero=\dimen406
\pgf@circ@res@left=\dimen407
\pgf@circ@res@right=\dimen408
\pgf@circ@res@other=\dimen409
\pgf@circ@res@step=\dimen410
\pgf@circ@res@temp=\dimen411
\pgf@circ@Rlen=\dimen412
\pgf@circ@scaled@Rlen=\dimen413
\pgfstartlinewidth=\dimen414
) (C:\Users\bnouri\AppData\Roaming\MiKTeX\tex/generic/circuitikz\pgfcircutils.tex
\ctikz@scratchbox=\box108
) (C:\Users\bnouri\AppData\Roaming\MiKTeX\tex/generic/circuitikz\pgfcircpath.tex) (C:\Users\bnouri\AppData\Roaming\MiKTeX\tex/generic/circuitikz\pgfcircshapes.tex) (C:\Users\bnouri\AppData\Roaming\MiKTeX\tex/generic/circuitikz\pgfcircmonopoles.tex) (C:\Users\bnouri\AppData\Roaming\MiKTeX\tex/generic/circuitikz\pgfcircbipoles.tex) (C:\Users\bnouri\AppData\Roaming\MiKTeX\tex/generic/circuitikz\pgfcirctripoles.tex
\pgf@circ@res@count=\count471
) (C:\Users\bnouri\AppData\Roaming\MiKTeX\tex/generic/circuitikz\pgfcircquadpoles.tex) (C:\Users\bnouri\AppData\Roaming\MiKTeX\tex/generic/circuitikz\pgfcircmultipoles.tex) (C:\Users\bnouri\AppData\Roaming\MiKTeX\tex/generic/circuitikz\pgfcirclabel.tex) (C:\Users\bnouri\AppData\Roaming\MiKTeX\tex/generic/circuitikz\pgfcircvoltage.tex
\pgfcirc@labelshift=\dimen415
) (C:\Users\bnouri\AppData\Roaming\MiKTeX\tex/generic/circuitikz\pgfcirccurrent.tex) (C:\Users\bnouri\AppData\Roaming\MiKTeX\tex/generic/circuitikz\pgfcircflow.tex) (C:\Users\bnouri\AppData\Roaming\MiKTeX\tex/latex/xstring\xstring.sty (C:\Users\bnouri\AppData\Roaming\MiKTeX\tex/generic/xstring\xstring.tex
\xs_counta=\count472
\xs_countb=\count473
)
Package: xstring 2023/08/22 v1.86 String manipulations (CT)
))
\c@cntr=\count474
 (C:\Users\bnouri\AppData\Roaming\MiKTeX\tex/latex/catchfilebetweentags\catchfilebetweentags.sty
Package: catchfilebetweentags 2011/02/19 v1.1 - Catch file between tags (FC)
 (C:\Users\bnouri\AppData\Roaming\MiKTeX\tex/generic/catchfile\catchfile.sty
Package: catchfile 2019/12/09 v1.8 Catch the contents of a file (HO)
)
\CatchFBT@tok=\toks256
) (C:\Users\bnouri\AppData\Roaming\MiKTeX\tex/latex/import\import.sty
Package: import 2020/04/01  v 6.2
) (C:\Users\bnouri\AppData\Roaming\MiKTeX\tex/latex/titling\titling.sty
Package: titling 2009/09/04 v2.1d maketitle typesetting
\thanksmarkwidth=\skip118
\thanksmargin=\skip119
\droptitle=\skip120
) (C:\Users\bnouri\AppData\Roaming\MiKTeX\tex/latex/fancyhdr\fancyhdr.sty
Package: fancyhdr 2022/11/09 v4.1 Extensive control of page headers and footers
\f@nch@headwidth=\skip121
\f@nch@O@elh=\skip122
\f@nch@O@erh=\skip123
\f@nch@O@olh=\skip124
\f@nch@O@orh=\skip125
\f@nch@O@elf=\skip126
\f@nch@O@erf=\skip127
\f@nch@O@olf=\skip128
\f@nch@O@orf=\skip129
) (C:\Users\bnouri\AppData\Roaming\MiKTeX\tex/latex/lastpage\lastpage.sty
Package: lastpage 2023/07/24 v2.0c lastpage: 2.09 or 2e? (HMM)
 (C:\Users\bnouri\AppData\Roaming\MiKTeX\tex/latex/lastpage\lastpage2e.sty
Package: lastpage2e 2023/07/24 v2.0c Decide which 2e lastpage version to use (HMM)
 (C:\Users\bnouri\AppData\Roaming\MiKTeX\tex/latex/lastpage\lastpagemodern.sty
Package: lastpagemodern 2023-07-24 v2.0c Refers to last page's name (HMM; JPG)
) 
))) (_sty/sh.sty
Package: _sty/sh 2022/12/30 1230

-- Package: "_sty/sh", (Sty file, incl: Shortcuts \& Shorthand writings) 1230 <2022/12/30> --
(C:\Users\bnouri\AppData\Roaming\MiKTeX\tex/latex/verbatimbox\verbatimbox.sty
Package: verbatimbox 2023/08/08 v3.2\ Routines for placing verbatim text into boxes, useful in places where the verbatim environment is inaccessible. Secondarily, for adding vertical buffer around an object.
 (C:\Users\bnouri\AppData\Roaming\MiKTeX\tex/latex/readarray\readarray.sty
Package: readarray 2021/09/17\ 3.1\ Routines for inputting 2D and 3D array data and recalling it on an element-by-element basis.
 (C:\Users\bnouri\AppData\Roaming\MiKTeX\tex/latex/forloop\forloop.sty
Package: forloop 2023/05/03 v3.0 For Loops for LaTeX
) (C:\Users\bnouri\AppData\Roaming\MiKTeX\tex/latex/listofitems\listofitems.sty (C:\Users\bnouri\AppData\Roaming\MiKTeX\tex/generic/listofitems\listofitems.tex
\loi_cnt_foreach_nest=\count475
\loi_nestcnt=\count476
)
Package: listofitems 2019/08/21 v1.63 Grab items in lists using user-specified sep char (CT)
)
\c@@index=\count477
\c@@plane=\count478
\c@@row=\count479
\c@@col=\count480
\c@use@args=\count481
\c@@record=\count482
\c@index@count=\count483
\Arg@toks=\toks73
\@arrayident@toks=\toks74
\rdar@file=\read6
\readarrayendlinechar=\count484

readarray: bounds checking OFF
)
\savedverbbox=\box109
\c@VerbboxLineNo=\count485
\boxtopsep=\dimen416
\boxbottomsep=\dimen417
\ps@tempdima=\dimen418
\ps@tempboxa=\box110
\boxtop@sep=\skip130
\boxbottom@sep=\skip131
)) (_sty/dom.sty
Package: _sty/dom 2022/12/30 1230

-- Package: "_sty/dom", (Sty file incl: Shortcuts \& Shorthand writings) 1230 <2022/12/30> --
(C:\Users\bnouri\AppData\Roaming\MiKTeX\tex/latex/titlesec\titlesec.sty
Package: titlesec 2021/07/05 v2.14 Sectioning titles
\ttl@box=\box111
\beforetitleunit=\skip132
\aftertitleunit=\skip133
\ttl@plus=\dimen419
\ttl@minus=\dimen420
\ttl@toksa=\toks75
\titlewidth=\dimen421
\titlewidthlast=\dimen422
\titlewidthfirst=\dimen423
)) (_sty/pdf.sty (C:\Users\bnouri\AppData\Roaming\MiKTeX\tex/latex/pdfpages\pdfpages.sty
Package: pdfpages 2022/12/19 v0.5x Insert pages of external PDF documents (AM)
 (C:\Users\bnouri\AppData\Roaming\MiKTeX\tex/latex/eso-pic\eso-pic.sty
Package: eso-pic 2023/05/03 v3.0c eso-pic (RN)
\ESO@tempdima=\dimen424
\ESO@tempdimb=\dimen425
)
\AM@pagewidth=\dimen426
\AM@pageheight=\dimen427
\AM@fboxrule=\dimen428
 (C:\Users\bnouri\AppData\Roaming\MiKTeX\tex/latex/pdfpages\pppdftex.def
File: pppdftex.def 2022/12/19 v0.5x Pdfpages driver for pdfTeX (AM)
)
\pdfpages@includegraphics@status=\count486
\AM@pagebox=\box112
\AM@global@opts=\toks76
\AM@pagecnt=\count487
\AM@toc@title=\toks77
\AM@lof@heading=\toks78
\c@AM@survey=\count488
\AM@templatesizebox=\box113
) (C:\Users\bnouri\AppData\Roaming\MiKTeX\tex/latex/pdflscape\pdflscape.sty
Package: pdflscape 2022-10-27 v0.13 Display of landscape pages in PDF
 (C:\Users\bnouri\AppData\Roaming\MiKTeX\tex/latex/pdflscape\pdflscape-nometadata.sty
Package: pdflscape-nometadata 2022-10-28 v0.13 Display of landscape pages in PDF (HO)
 (C:\LaTeX\MiKTeX\tex/latex/graphics\lscape.sty
Package: lscape 2020/05/28 v3.02 Landscape Pages (DPC)
)
Package pdflscape Info: Auto-detected driver: pdftex on input line 81.
))) (_sty/shx.sty
Package: _sty/shx 2023/06/23 v0623

-- Package: "_sty/shx", (This sty file adds extended set of facilities/ commands/ shorthand-formats.) v0623 <2023/06/23> --
(C:\Users\bnouri\AppData\Roaming\MiKTeX\tex/latex/stackengine\stackengine.sty
Package: stackengine 2021/07/22 v4.11\ Stacking text and objects in convenient ways
\c@@stackindex=\count489
\@boxshift=\skip134
\stack@tmplength=\skip135
\temp@stkl=\skip136
\@stackedboxwidth=\skip137
\@addedbox=\box114
\@anchorbox=\box115
\@insetbox=\box116
\se@backgroundbox=\box117
\stackedbox=\box118
\@centerbox=\box119
\c@ROWcellindex@=\count490
)
\c@Qcnt=\count491
\c@Fcnt=\count492
) (_sty/meta.tex)
LaTeX Font Info:    Trying to load font information for T1+lmr on input line 21.
 (C:\LaTeX\MiKTeX\tex/latex/lm\t1lmr.fd
File: t1lmr.fd 2015/05/01 v1.6.1 Font defs for Latin Modern
) (main.aux)
\openout1 = `main.aux'.

LaTeX Font Info:    Checking defaults for OML/cmm/m/it on input line 21.
LaTeX Font Info:    ... okay on input line 21.
LaTeX Font Info:    Checking defaults for OMS/cmsy/m/n on input line 21.
LaTeX Font Info:    ... okay on input line 21.
LaTeX Font Info:    Checking defaults for OT1/cmr/m/n on input line 21.
LaTeX Font Info:    ... okay on input line 21.
LaTeX Font Info:    Checking defaults for T1/cmr/m/n on input line 21.
LaTeX Font Info:    ... okay on input line 21.
LaTeX Font Info:    Checking defaults for TS1/cmr/m/n on input line 21.
LaTeX Font Info:    ... okay on input line 21.
LaTeX Font Info:    Checking defaults for OMX/cmex/m/n on input line 21.
LaTeX Font Info:    ... okay on input line 21.
LaTeX Font Info:    Checking defaults for U/cmr/m/n on input line 21.
LaTeX Font Info:    ... okay on input line 21.
LaTeX Font Info:    Checking defaults for PD1/pdf/m/n on input line 21.
LaTeX Font Info:    ... okay on input line 21.
LaTeX Font Info:    Checking defaults for PU/pdf/m/n on input line 21.
LaTeX Font Info:    ... okay on input line 21.
Package nag Info: Attempting subfig hack.
Package nag Info: OK, equivalent to subfig 1.3, redefining \sf@@@subfloat.
Package nag Info: pgf.sty is broken: disabling dollar check on input line 21.
Package nag Info: Command \frontmatter not defined, skipping amendment on input line 21.
Package nag Info: Command \mainmatter not defined, skipping amendment on input line 21.
Package nag Info: Command \backmatter not defined, skipping amendment on input line 21.
Package nag Info: Command \RaggedLeft not defined, skipping amendment on input line 21.
Package nag Info: Command \RaggedRight not defined, skipping amendment on input line 21.

*geometry* driver: auto-detecting
*geometry* detected driver: pdftex
*geometry* verbose mode - [ preamble ] result:
* driver: pdftex
* paper: letterpaper
* layout: <same size as paper>
* layoutoffset:(h,v)=(0.0pt,0.0pt)
* modes: 
* h-part:(L,W,R)=(56.9055pt, 514.71037pt, 42.67912pt)
* v-part:(T,H,B)=(42.67912pt, 680.02087pt, 72.26999pt)
* \paperwidth=614.295pt
* \paperheight=794.96999pt
* \textwidth=514.71037pt
* \textheight=680.02087pt
* \oddsidemargin=-15.36449pt
* \evensidemargin=-15.36449pt
* \topmargin=-66.59087pt
* \headheight=30.0pt
* \headsep=10.0pt
* \topskip=10.0pt
* \footskip=30.0pt
* \marginparwidth=65.0pt
* \marginparsep=11.0pt
* \columnsep=14.22636pt
* \skip\footins=9.0pt plus 4.0pt minus 2.0pt
* \hoffset=0.0pt
* \voffset=0.0pt
* \mag=1000
* \@twocolumnfalse
* \@twosidefalse
* \@mparswitchfalse
* \@reversemarginfalse
* (1in=72.27pt=25.4mm, 1cm=28.453pt)

(C:\LaTeX\MiKTeX\tex/context/base/mkii\supp-pdf.mkii
[Loading MPS to PDF converter (version 2006.09.02).]
\scratchcounter=\count493
\scratchdimen=\dimen429
\scratchbox=\box120
\nofMPsegments=\count494
\nofMParguments=\count495
\everyMPshowfont=\toks79
\MPscratchCnt=\count496
\MPscratchDim=\dimen430
\MPnumerator=\count497
\makeMPintoPDFobject=\count498
\everyMPtoPDFconversion=\toks80
)
Package caption Info: Begin \AtBeginDocument code.
Package caption Info: subfig package v1.3 is loaded.
Package caption Info: hyperref package is loaded.
Package caption Info: listings package is loaded.
Package caption Info: longtable package is loaded.
 (C:\Users\bnouri\AppData\Roaming\MiKTeX\tex/latex/caption\ltcaption.sty
Package: ltcaption 2021/01/08 v1.4c longtable captions (AR)
)
Package caption Info: End \AtBeginDocument code.
Package hyperref Info: Link coloring ON on input line 21.
 (main.out) (main.out)
\@outlinefile=\write6
\openout6 = `main.out'.

LaTeX Info: Redefining \microtypecontext on input line 21.
Package microtype Info: Applying patch `item' on input line 21.
Package microtype Info: Applying patch `toc' on input line 21.
Package microtype Info: Applying patch `eqnum' on input line 21.
Package microtype Info: Applying patch `footnote' on input line 21.
Package microtype Info: Applying patch `verbatim' on input line 21.
Package microtype Info: Generating PDF output.
Package microtype Info: Character protrusion enabled (level 2).
Package microtype Info: Using default protrusion set `alltext'.
Package microtype Info: Automatic font expansion enabled (level 2),
(microtype)             stretch: 20, shrink: 20, step: 1, non-selected.
Package microtype Info: Using default expansion set `alltext-nott'.
LaTeX Info: Redefining \showhyphens on input line 21.
Package microtype Info: No adjustment of tracking.
Package microtype Info: No adjustment of interword spacing.
Package microtype Info: No adjustment of character kerning.
 (C:\Users\bnouri\AppData\Roaming\MiKTeX\tex/latex/microtype\mt-cmr.cfg
File: mt-cmr.cfg 2013/05/19 v2.2 microtype config. file: Computer Modern Roman (RS)
)
\c@lstlisting=\count499
 (C:\Users\bnouri\AppData\Roaming\MiKTeX\tex/latex/translations/dicts\translations-basic-dictionary-english.trsl
File: translations-basic-dictionary-english.trsl (english translation file `translations-basic-dictionary')
)
Package translations Info: loading dictionary `translations-basic-dictionary' for `english'. on input line 21.
Package nag Info: Command \captionabove not defined, skipping amendment on input line 21.
Package nag Info: Command \captionbelow not defined, skipping amendment on input line 21.
Package nag Info: Command \hc@caption not defined, skipping amendment on input line 21.
Package nag Info: Command \topcaption not defined, skipping amendment on input line 21.
 (_sty/fm.tex)
LaTeX Font Info:    Trying to load font information for OT1+lmr on input line 28.
 (C:\LaTeX\MiKTeX\tex/latex/lm\ot1lmr.fd
File: ot1lmr.fd 2015/05/01 v1.6.1 Font defs for Latin Modern
)
LaTeX Font Info:    Trying to load font information for OML+lmm on input line 28.
 (C:\LaTeX\MiKTeX\tex/latex/lm\omllmm.fd
File: omllmm.fd 2015/05/01 v1.6.1 Font defs for Latin Modern
)
LaTeX Font Info:    Trying to load font information for OMS+lmsy on input line 28.
 (C:\LaTeX\MiKTeX\tex/latex/lm\omslmsy.fd
File: omslmsy.fd 2015/05/01 v1.6.1 Font defs for Latin Modern
)
LaTeX Font Info:    Trying to load font information for OMX+lmex on input line 28.
 (C:\LaTeX\MiKTeX\tex/latex/lm\omxlmex.fd
File: omxlmex.fd 2015/05/01 v1.6.1 Font defs for Latin Modern
)
LaTeX Font Info:    External font `lmex10' loaded for size
(Font)              <10> on input line 28.
LaTeX Font Info:    External font `lmex10' loaded for size
(Font)              <7> on input line 28.
LaTeX Font Info:    External font `lmex10' loaded for size
(Font)              <5> on input line 28.
LaTeX Font Info:    Trying to load font information for U+msa on input line 28.
 (C:\LaTeX\MiKTeX\tex/latex/amsfonts\umsa.fd
File: umsa.fd 2013/01/14 v3.01 AMS symbols A
) (C:\Users\bnouri\AppData\Roaming\MiKTeX\tex/latex/microtype\mt-msa.cfg
File: mt-msa.cfg 2006/02/04 v1.1 microtype config. file: AMS symbols (a) (RS)
)
LaTeX Font Info:    Trying to load font information for U+msb on input line 28.
 (C:\LaTeX\MiKTeX\tex/latex/amsfonts\umsb.fd
File: umsb.fd 2013/01/14 v3.01 AMS symbols B
) (C:\Users\bnouri\AppData\Roaming\MiKTeX\tex/latex/microtype\mt-msb.cfg
File: mt-msb.cfg 2005/06/01 v1.0 microtype config. file: AMS symbols (b) (RS)
) (C:\Users\bnouri\AppData\Roaming\MiKTeX\tex/latex/microtype\mt-eur.cfg
File: mt-eur.cfg 2006/07/31 v1.1 microtype config. file: AMS Euler Roman (RS)
)
LaTeX Font Info:    Trying to load font information for TS1+lmr on input line 65.
 (C:\LaTeX\MiKTeX\tex/latex/lm\ts1lmr.fd
File: ts1lmr.fd 2015/05/01 v1.6.1 Font defs for Latin Modern
) [1
Non-PDF special ignored!
<special> header=pstricks.pro
Non-PDF special ignored!
<special> header=pst-algparser.pro
Non-PDF special ignored!
<special> header=pst-tools.pro
Non-PDF special ignored!
<special> header=pst-dots.pro
Non-PDF special ignored!
<special> header=pst-node.pro
Non-PDF special ignored!
<special> header=pst-3d.pro
Non-PDF special ignored!
<special> header=pst-blur.pro
{C:/Users/bnouri/AppData/Local/MiKTeX/fonts/map/pdftex/pdftex.map}{C:/LaTeX/MiKTeX/fonts/enc/dvips/lm/lm-ec.enc}


Non-PDF special ignored!
<special> ps: /pssetRGBcolor /setrgbcolor load def /pssetCMYKcolor /setcmyk...
Non-PDF special ignored!
<special> ps:tx@Dict begin  gsave STV CP T /ps@rot 0 def grestore  end
Non-PDF special ignored!
<special> ps:tx@Dict begin  gsave STV CP T /ps@refangle 0.  def grestore  e...
Non-PDF special ignored!
<special> ps:tx@Dict begin  gsave STV CP T /ps@rot 0 def grestore  end
{C:/LaTeX/MiKTeX/fonts/enc/dvips/lm/lm-mathit.enc}{C:/LaTeX/MiKTeX/fonts/enc/dvips/lm/lm-rm.enc}{C:/LaTeX/MiKTeX/fonts/enc/dvips/lm/lm-mathsy.enc}{C:/LaTeX/MiKTeX/fonts/enc/dvips/lm/lm-mathex.enc}{C:/LaTeX/MiKTeX/fonts/enc/dvips/lm/lm-ts1.enc}]
LaTeX Font Info:    External font `lmex10' loaded for size
(Font)              <9> on input line 91.
LaTeX Font Info:    External font `lmex10' loaded for size
(Font)              <6> on input line 91.
 [2

]

LaTeX Warning: Reference `def:metric-space' on page 3 undefined on input line 125.


LaTeX Warning: Reference `sec:different-norms' on page 3 undefined on input line 125.

No complaints by nag.
[3] 
enddocument/afterlastpage: lastpage setting LastPage.
(main.aux)
 ***********
LaTeX2e <2023-06-01> patch level 1
L3 programming layer <2023-08-29>
 ***********


LaTeX Warning: There were undefined references.

Package rerunfilecheck Info: File `main.out' has not changed.
(rerunfilecheck)             Checksum: 5AFD4D729A15356330B690CD61E71A39;443.
 ) 
Here is how much of TeX's memory you used:
 65293 strings out of 475248
 1456319 string characters out of 5771411
 2252439 words of memory out of 5000000
 85641 multiletter control sequences out of 15000+600000
 649898 words of font info for 168 fonts, out of 8000000 for 9000
 1143 hyphenation exceptions out of 8191
 114i,18n,115p,1111b,1252s stack positions out of 10000i,1000n,20000p,200000b,200000s
<C:/LaTeX/MiKTeX/fonts/type1/public/lm/lmbsy10.pfb><C:/LaTeX/MiKTeX/fonts/type1/public/lm/lmbx10.pfb><C:/LaTeX/MiKTeX/fonts/type1/public/lm/lmbx12.pfb><C:/LaTeX/MiKTeX/fonts/type1/public/lm/lmbx8.pfb><C:/LaTeX/MiKTeX/fonts/type1/public/lm/lmbx9.pfb><C:/LaTeX/MiKTeX/fonts/type1/public/lm/lmex10.pfb><C:/LaTeX/MiKTeX/fonts/type1/public/lm/lmmi10.pfb><C:/LaTeX/MiKTeX/fonts/type1/public/lm/lmmi5.pfb><C:/LaTeX/MiKTeX/fonts/type1/public/lm/lmmi6.pfb><C:/LaTeX/MiKTeX/fonts/type1/public/lm/lmmi7.pfb><C:/LaTeX/MiKTeX/fonts/type1/public/lm/lmmib10.pfb><C:/LaTeX/MiKTeX/fonts/type1/public/lm/lmr10.pfb><C:/LaTeX/MiKTeX/fonts/type1/public/lm/lmr6.pfb><C:/LaTeX/MiKTeX/fonts/type1/public/lm/lmr7.pfb><C:/LaTeX/MiKTeX/fonts/type1/public/lm/lmr8.pfb><C:/LaTeX/MiKTeX/fonts/type1/public/lm/lmr9.pfb><C:/LaTeX/MiKTeX/fonts/type1/public/lm/lmri10.pfb><C:/LaTeX/MiKTeX/fonts/type1/public/lm/lmri8.pfb><C:/LaTeX/MiKTeX/fonts/type1/public/lm/lmri9.pfb><C:/LaTeX/MiKTeX/fonts/type1/public/lm/lmsy10.pfb><C:/LaTeX/MiKTeX/fonts/type1/public/lm/lmsy6.pfb><C:/LaTeX/MiKTeX/fonts/type1/public/lm/lmsy9.pfb><C:/LaTeX/MiKTeX/fonts/type1/public/amsfonts/symbols/msam10.pfb><C:/LaTeX/MiKTeX/fonts/type1/public/amsfonts/symbols/msbm10.pfb>
Output written on main.pdf (3 pages, 365790 bytes).
PDF statistics:
 244 PDF objects out of 1000 (max. 8388607)
 33 named destinations out of 1000 (max. 500000)
 51381 words of extra memory for PDF output out of 51595 (max. 10000000)

